<?xml version="1.0" encoding="UTF-8"?>
<!-- Generated by org.testng.reporters.JUnitReportReporter -->
<testsuite hostname="DESKTOP-9H02JE3" failures="0" tests="3" name="LamdaTestAssignment" time="83.135" errors="0" timestamp="2024-05-10T10:51:14 IST" skipped="0">
  <testcase classname="LamdaTestAssignment" name="senario1" time="18.944"/>
  <testcase classname="LamdaTestAssignment" name="senario3" time="21.764"/>
  <testcase classname="LamdaTestAssignment" name="senario2" time="42.427"/>
</testsuite> <!-- LamdaTestAssignment -->
